<?xml version="1.0" encoding="UTF-8"?>
<!-- Generated by org.testng.reporters.JUnitXMLReporter -->
<testsuite ignored="0" hostname="LAPTOP-IUAM5CBC" failures="0" tests="5" name="Default test" time="11.938" errors="0" timestamp="2025-04-25T13:54:57 IST">
  <testcase classname="tasts.NestedFremesTest" name="clickonCloseTest" time="0.197"/>
  <testcase classname="tasts.NestedFremesTest" name="clickonPracticeTest" time="2.974"/>
  <testcase classname="tasts.NestedFremesTest" name="clickonAllertWindowTest" time="0.176"/>
  <testcase classname="tasts.NestedFremesTest" name="clickOnNestedFrameTest" time="0.23"/>
  <testcase classname="tasts.NestedFremesTest" name="printParentTest" time="0.933"/>
</testsuite> <!-- Default test -->
