<?xml version="1.0" encoding="UTF-8"?>
<testng-results ignored="0" total="5" passed="5" failed="0" skipped="0">
  <reporter-output>
  </reporter-output>
  <suite started-at="2025-04-25T13:54:45 IST" name="Default suite" finished-at="2025-04-25T13:54:57 IST" duration-ms="11938">
    <groups>
    </groups>
    <test started-at="2025-04-25T13:54:45 IST" name="Default test" finished-at="2025-04-25T13:54:57 IST" duration-ms="11938">
      <class name="tasts.NestedFremesTest">
        <test-method is-config="true" signature="launchurl()[pri:0, instance:tasts.NestedFremesTest@55182842]" started-at="2025-04-25T13:54:45 IST" name="launchurl" finished-at="2025-04-25T13:54:53 IST" duration-ms="7323" status="PASS">
          <reporter-output>
          </reporter-output>
        </test-method> <!-- launchurl -->
        <test-method signature="clickonCloseTest()[pri:1, instance:tasts.NestedFremesTest@55182842]" started-at="2025-04-25T13:54:53 IST" name="clickonCloseTest" finished-at="2025-04-25T13:54:53 IST" duration-ms="197" status="PASS">
          <reporter-output>
          </reporter-output>
        </test-method> <!-- clickonCloseTest -->
        <test-method signature="clickonPracticeTest()[pri:2, instance:tasts.NestedFremesTest@55182842]" started-at="2025-04-25T13:54:53 IST" name="clickonPracticeTest" finished-at="2025-04-25T13:54:56 IST" duration-ms="2974" status="PASS">
          <reporter-output>
          </reporter-output>
        </test-method> <!-- clickonPracticeTest -->
        <test-method signature="clickonAllertWindowTest()[pri:3, instance:tasts.NestedFremesTest@55182842]" started-at="2025-04-25T13:54:56 IST" name="clickonAllertWindowTest" finished-at="2025-04-25T13:54:56 IST" duration-ms="176" status="PASS">
          <reporter-output>
          </reporter-output>
        </test-method> <!-- clickonAllertWindowTest -->
        <test-method signature="clickOnNestedFrameTest()[pri:4, instance:tasts.NestedFremesTest@55182842]" started-at="2025-04-25T13:54:56 IST" name="clickOnNestedFrameTest" finished-at="2025-04-25T13:54:56 IST" duration-ms="230" status="PASS">
          <reporter-output>
          </reporter-output>
        </test-method> <!-- clickOnNestedFrameTest -->
        <test-method signature="printParentTest()[pri:5, instance:tasts.NestedFremesTest@55182842]" started-at="2025-04-25T13:54:56 IST" name="printParentTest" finished-at="2025-04-25T13:54:57 IST" duration-ms="933" status="PASS">
          <reporter-output>
          </reporter-output>
        </test-method> <!-- printParentTest -->
      </class> <!-- tasts.NestedFremesTest -->
    </test> <!-- Default test -->
  </suite> <!-- Default suite -->
</testng-results>
